Directory: ./.backup/files
  ./.backup/files/c_files.zip
  ./.backup/files/h_files.zip
  ./.backup/files/pdf_files.zip
Directory: ./.backup/files/c_files
  ./.backup/files/c_files/ahmad.c
  ./.backup/files/c_files/ali.c
Directory: ./.backup/files/h_files
  ./.backup/files/h_files/ahmad.h
  ./.backup/files/h_files/ali.h
Directory: ./.backup/files/pdf_files
  ./.backup/files/pdf_files/ahmad.pdf
  ./.backup/files/pdf_files/ahmad_two.pdf
Directory: ./.backup/source
  ./.backup/source/bubble_sort.sh
  ./.backup/source/executables.log
  ./.backup/source/executable_finder.sh
  ./.backup/source/git_sim.sh
  ./.backup/source/pass_gen.sh
  ./.backup/source/segregate_files.sh
Directory: ./files/c_files
  ./files/c_files/ahmad.c
  ./files/c_files/ali.c
Directory: ./files/h_files
  ./files/h_files/ahmad.h
  ./files/h_files/ali.h
Directory: ./files/pdf_files
  ./files/pdf_files/ahmad.pdf
  ./files/pdf_files/ahmad_two.pdf
